<?xml version="1.0" encoding="UTF-8"?>
<testng-results ignored="0" total="2" passed="2" failed="0" skipped="0">
  <reporter-output>
  </reporter-output>
  <suite started-at="2024-04-27T23:23:42 IST" name="Default suite" finished-at="2024-04-27T23:25:46 IST" duration-ms="124415">
    <groups>
    </groups>
    <test started-at="2024-04-27T23:23:42 IST" name="Default test" finished-at="2024-04-27T23:25:46 IST" duration-ms="124415">
      <class name="Testcase.Login">
        <test-method is-config="true" signature="openurl()[pri:0, instance:Testcase.Login@6150c3ec]" started-at="2024-04-27T23:23:42 IST" name="openurl" finished-at="2024-04-27T23:24:21 IST" duration-ms="39383" status="PASS">
          <reporter-output>
          </reporter-output>
        </test-method> <!-- openurl -->
        <test-method signature="loginTYT(java.lang.String,java.lang.String)[pri:0, instance:Testcase.Login@6150c3ec]" started-at="2024-04-27T23:24:21 IST" name="loginTYT" data-provider="data" finished-at="2024-04-27T23:24:22 IST" duration-ms="629" status="PASS">
          <params>
            <param index="0">
              <value>
                <![CDATA[patel9826ravi@gmail.com]]>
              </value>
            </param>
            <param index="1">
              <value>
                <![CDATA[Sumit123@4]]>
              </value>
            </param>
          </params>
          <reporter-output>
          </reporter-output>
        </test-method> <!-- loginTYT -->
        <test-method is-config="true" signature="close()[pri:0, instance:Testcase.Login@6150c3ec]" started-at="2024-04-27T23:24:22 IST" name="close" finished-at="2024-04-27T23:24:22 IST" duration-ms="123" status="PASS">
          <reporter-output>
          </reporter-output>
        </test-method> <!-- close -->
        <test-method is-config="true" signature="openurl()[pri:0, instance:Testcase.Login@6150c3ec]" started-at="2024-04-27T23:24:22 IST" name="openurl" finished-at="2024-04-27T23:25:46 IST" duration-ms="83417" status="PASS">
          <reporter-output>
          </reporter-output>
        </test-method> <!-- openurl -->
        <test-method signature="loginTYT(java.lang.String,java.lang.String)[pri:0, instance:Testcase.Login@6150c3ec]" started-at="2024-04-27T23:25:46 IST" name="loginTYT" data-provider="data" finished-at="2024-04-27T23:25:46 IST" duration-ms="465" status="PASS">
          <params>
            <param index="0">
              <value>
                <![CDATA[patel9826@gmail.com]]>
              </value>
            </param>
            <param index="1">
              <value>
                <![CDATA[sumit12@4]]>
              </value>
            </param>
          </params>
          <reporter-output>
          </reporter-output>
        </test-method> <!-- loginTYT -->
        <test-method is-config="true" signature="close()[pri:0, instance:Testcase.Login@6150c3ec]" started-at="2024-04-27T23:25:46 IST" name="close" finished-at="2024-04-27T23:25:46 IST" duration-ms="326" status="PASS">
          <reporter-output>
          </reporter-output>
        </test-method> <!-- close -->
      </class> <!-- Testcase.Login -->
    </test> <!-- Default test -->
  </suite> <!-- Default suite -->
</testng-results>
